<?xml version="1.0" encoding="UTF-8"?>
<robot generator="Robot 3.2.1 (Python 3.8.5 on win32)" generated="20200730 23:09:11.375" rpa="false">
<suite id="s1" name="Tc1" source="C:\Users\ncbar\PycharmProjects\Automation\TestCases\tc1.robot">
<test id="s1-t1" name="LandingOnLogInPageTask">
<kw name="Open Browser" library="SeleniumLibrary">
<doc>Opens a new browser instance to the optional ``url``.</doc>
<arguments>
<arg>${URL}</arg>
<arg>Chrome</arg>
</arguments>
<msg timestamp="20200730 23:09:11.532" level="INFO">Opening browser 'Chrome' to base url 'https://demo.realworld.io/'.</msg>
<status status="PASS" starttime="20200730 23:09:11.532" endtime="20200730 23:09:18.188"></status>
</kw>
<kw name="Click Element" library="SeleniumLibrary">
<doc>Click the element identified by ``locator``.</doc>
<arguments>
<arg>xpath://*[contains(text(), "Sign in")]</arg>
</arguments>
<msg timestamp="20200730 23:09:18.189" level="INFO">Clicking element 'xpath://*[contains(text(), "Sign in")]'.</msg>
<status status="PASS" starttime="20200730 23:09:18.189" endtime="20200730 23:09:18.272"></status>
</kw>
<kw name="Get Text" library="SeleniumLibrary">
<doc>Returns the text value of the element identified by ``locator``.</doc>
<arguments>
<arg>xpath://*[contains(text(), "Need an account?")]</arg>
</arguments>
<assign>
<var>${response}</var>
</assign>
<msg timestamp="20200730 23:09:18.339" level="INFO">${response} = Need an account?</msg>
<status status="PASS" starttime="20200730 23:09:18.272" endtime="20200730 23:09:18.339"></status>
</kw>
<kw name="Should Be Equal As Strings" library="BuiltIn">
<doc>Fails if objects are unequal after converting them to strings.</doc>
<arguments>
<arg>${response}</arg>
<arg>Need an account?</arg>
</arguments>
<status status="PASS" starttime="20200730 23:09:18.339" endtime="20200730 23:09:18.340"></status>
</kw>
<kw name="Wait Until Page Contains Element" library="SeleniumLibrary">
<doc>Waits until the element ``locator`` appears on the current page.</doc>
<arguments>
<arg>xpath://*[contains(text(), "Need an account?")]</arg>
</arguments>
<status status="PASS" starttime="20200730 23:09:18.340" endtime="20200730 23:09:18.352"></status>
</kw>
<kw name="Click Element" library="SeleniumLibrary">
<doc>Click the element identified by ``locator``.</doc>
<arguments>
<arg>xpath://*[contains(text(), "Need an account?")]</arg>
</arguments>
<msg timestamp="20200730 23:09:18.353" level="INFO">Clicking element 'xpath://*[contains(text(), "Need an account?")]'.</msg>
<status status="PASS" starttime="20200730 23:09:18.352" endtime="20200730 23:09:18.437"></status>
</kw>
<kw name="Wait Until Page Contains Element" library="SeleniumLibrary">
<doc>Waits until the element ``locator`` appears on the current page.</doc>
<arguments>
<arg>xpath://div//h1[contains(text(), 'Sign up')]</arg>
</arguments>
<status status="PASS" starttime="20200730 23:09:18.438" endtime="20200730 23:09:18.455"></status>
</kw>
<kw name="Wait Until Page Contains Element" library="SeleniumLibrary">
<doc>Waits until the element ``locator`` appears on the current page.</doc>
<arguments>
<arg>xpath://a[contains(text(), 'Have an account?')]</arg>
</arguments>
<status status="PASS" starttime="20200730 23:09:18.455" endtime="20200730 23:09:18.469"></status>
</kw>
<kw name="Wait Until Page Contains Element" library="SeleniumLibrary">
<doc>Waits until the element ``locator`` appears on the current page.</doc>
<arguments>
<arg>xpath://input[contains(@placeholder, 'Username')]</arg>
</arguments>
<status status="PASS" starttime="20200730 23:09:18.470" endtime="20200730 23:09:18.482"></status>
</kw>
<kw name="Wait Until Page Contains Element" library="SeleniumLibrary">
<doc>Waits until the element ``locator`` appears on the current page.</doc>
<arguments>
<arg>xpath://input[contains(@placeholder, 'Email')]</arg>
</arguments>
<status status="PASS" starttime="20200730 23:09:18.482" endtime="20200730 23:09:18.491"></status>
</kw>
<kw name="Wait Until Page Contains Element" library="SeleniumLibrary">
<doc>Waits until the element ``locator`` appears on the current page.</doc>
<arguments>
<arg>xpath://input[contains(@placeholder, 'Password')]</arg>
</arguments>
<status status="PASS" starttime="20200730 23:09:18.491" endtime="20200730 23:09:18.497"></status>
</kw>
<kw name="Element Should Be Enabled" library="SeleniumLibrary">
<doc>Verifies that element identified by ``locator`` is enabled.</doc>
<arguments>
<arg>xpath://button[contains(text(),'Sign up')]</arg>
</arguments>
<status status="PASS" starttime="20200730 23:09:18.497" endtime="20200730 23:09:18.513"></status>
</kw>
<kw name="Wait Until Element Is Visible" library="SeleniumLibrary">
<doc>Waits until the element ``locator`` is visible.</doc>
<arguments>
<arg>xpath://a</arg>
</arguments>
<status status="PASS" starttime="20200730 23:09:18.513" endtime="20200730 23:09:18.556"></status>
</kw>
<kw name="Get Element Count" library="SeleniumLibrary">
<doc>Returns the number of elements matching ``locator``.</doc>
<arguments>
<arg>xpath://a</arg>
</arguments>
<assign>
<var>${AllLinksCount}</var>
</assign>
<msg timestamp="20200730 23:09:18.564" level="INFO">${AllLinksCount} = 13</msg>
<status status="PASS" starttime="20200730 23:09:18.557" endtime="20200730 23:09:18.564"></status>
</kw>
<kw name="Log" library="BuiltIn">
<doc>Logs the given message with the given level.</doc>
<arguments>
<arg>${AllLinksCount}</arg>
</arguments>
<msg timestamp="20200730 23:09:18.565" level="INFO">13</msg>
<status status="PASS" starttime="20200730 23:09:18.565" endtime="20200730 23:09:18.565"></status>
</kw>
<kw name="Create List" library="BuiltIn">
<doc>Returns a list containing given items.</doc>
<assign>
<var>@{LinkItems}</var>
</assign>
<msg timestamp="20200730 23:09:18.566" level="INFO">@{LinkItems} = [ ]</msg>
<status status="PASS" starttime="20200730 23:09:18.566" endtime="20200730 23:09:18.566"></status>
</kw>
<kw name="${INDEX} IN RANGE [ 1 | ${AllLinksCount} ]" type="for">
<kw name="${INDEX} = 1" type="foritem">
<kw name="Log" library="BuiltIn">
<doc>Logs the given message with the given level.</doc>
<arguments>
<arg>${INDEX}</arg>
</arguments>
<msg timestamp="20200730 23:09:18.567" level="INFO">1</msg>
<status status="PASS" starttime="20200730 23:09:18.567" endtime="20200730 23:09:18.567"></status>
</kw>
<kw name="Get Text" library="SeleniumLibrary">
<doc>Returns the text value of the element identified by ``locator``.</doc>
<arguments>
<arg>xpath=(//a)[${INDEX}]</arg>
</arguments>
<assign>
<var>${lintext}</var>
</assign>
<msg timestamp="20200730 23:09:18.596" level="INFO">${lintext} = conduit</msg>
<status status="PASS" starttime="20200730 23:09:18.568" endtime="20200730 23:09:18.596"></status>
</kw>
<kw name="Log" library="BuiltIn">
<doc>Logs the given message with the given level.</doc>
<arguments>
<arg>${lintext}</arg>
</arguments>
<msg timestamp="20200730 23:09:18.597" level="INFO">conduit</msg>
<status status="PASS" starttime="20200730 23:09:18.597" endtime="20200730 23:09:18.598"></status>
</kw>
<kw name="Get Length" library="BuiltIn">
<doc>Returns and logs the length of the given item as an integer.</doc>
<arguments>
<arg>${lintext}</arg>
</arguments>
<assign>
<var>${linklength}</var>
</assign>
<msg timestamp="20200730 23:09:18.599" level="INFO">Length is 7</msg>
<msg timestamp="20200730 23:09:18.599" level="INFO">${linklength} = 7</msg>
<status status="PASS" starttime="20200730 23:09:18.598" endtime="20200730 23:09:18.599"></status>
</kw>
<kw name="Run Keyword If" library="BuiltIn">
<doc>Runs the given keyword with the given arguments, if ``condition`` is true.</doc>
<arguments>
<arg>${linklength}&gt;1</arg>
<arg>Append To List</arg>
<arg>${LinkItems}</arg>
<arg>${lintext}</arg>
</arguments>
<kw name="Append To List" library="Collections">
<doc>Adds ``values`` to the end of ``list``.</doc>
<arguments>
<arg>${LinkItems}</arg>
<arg>${lintext}</arg>
</arguments>
<status status="PASS" starttime="20200730 23:09:18.599" endtime="20200730 23:09:18.599"></status>
</kw>
<status status="PASS" starttime="20200730 23:09:18.599" endtime="20200730 23:09:18.600"></status>
</kw>
<kw name="Get Length" library="BuiltIn">
<doc>Returns and logs the length of the given item as an integer.</doc>
<arguments>
<arg>${LinkItems}</arg>
</arguments>
<assign>
<var>${LinkSize}</var>
</assign>
<msg timestamp="20200730 23:09:18.600" level="INFO">Length is 1</msg>
<msg timestamp="20200730 23:09:18.600" level="INFO">${LinkSize} = 1</msg>
<status status="PASS" starttime="20200730 23:09:18.600" endtime="20200730 23:09:18.600"></status>
</kw>
<kw name="Log" library="BuiltIn">
<doc>Logs the given message with the given level.</doc>
<arguments>
<arg>${LinkSize}</arg>
</arguments>
<msg timestamp="20200730 23:09:18.600" level="INFO">1</msg>
<status status="PASS" starttime="20200730 23:09:18.600" endtime="20200730 23:09:18.601"></status>
</kw>
<status status="PASS" starttime="20200730 23:09:18.567" endtime="20200730 23:09:18.601"></status>
</kw>
<kw name="${INDEX} = 2" type="foritem">
<kw name="Log" library="BuiltIn">
<doc>Logs the given message with the given level.</doc>
<arguments>
<arg>${INDEX}</arg>
</arguments>
<msg timestamp="20200730 23:09:18.601" level="INFO">2</msg>
<status status="PASS" starttime="20200730 23:09:18.601" endtime="20200730 23:09:18.601"></status>
</kw>
<kw name="Get Text" library="SeleniumLibrary">
<doc>Returns the text value of the element identified by ``locator``.</doc>
<arguments>
<arg>xpath=(//a)[${INDEX}]</arg>
</arguments>
<assign>
<var>${lintext}</var>
</assign>
<msg timestamp="20200730 23:09:18.622" level="INFO">${lintext} = Home</msg>
<status status="PASS" starttime="20200730 23:09:18.601" endtime="20200730 23:09:18.622"></status>
</kw>
<kw name="Log" library="BuiltIn">
<doc>Logs the given message with the given level.</doc>
<arguments>
<arg>${lintext}</arg>
</arguments>
<msg timestamp="20200730 23:09:18.623" level="INFO">Home</msg>
<status status="PASS" starttime="20200730 23:09:18.623" endtime="20200730 23:09:18.623"></status>
</kw>
<kw name="Get Length" library="BuiltIn">
<doc>Returns and logs the length of the given item as an integer.</doc>
<arguments>
<arg>${lintext}</arg>
</arguments>
<assign>
<var>${linklength}</var>
</assign>
<msg timestamp="20200730 23:09:18.623" level="INFO">Length is 4</msg>
<msg timestamp="20200730 23:09:18.623" level="INFO">${linklength} = 4</msg>
<status status="PASS" starttime="20200730 23:09:18.623" endtime="20200730 23:09:18.623"></status>
</kw>
<kw name="Run Keyword If" library="BuiltIn">
<doc>Runs the given keyword with the given arguments, if ``condition`` is true.</doc>
<arguments>
<arg>${linklength}&gt;1</arg>
<arg>Append To List</arg>
<arg>${LinkItems}</arg>
<arg>${lintext}</arg>
</arguments>
<kw name="Append To List" library="Collections">
<doc>Adds ``values`` to the end of ``list``.</doc>
<arguments>
<arg>${LinkItems}</arg>
<arg>${lintext}</arg>
</arguments>
<status status="PASS" starttime="20200730 23:09:18.624" endtime="20200730 23:09:18.624"></status>
</kw>
<status status="PASS" starttime="20200730 23:09:18.624" endtime="20200730 23:09:18.624"></status>
</kw>
<kw name="Get Length" library="BuiltIn">
<doc>Returns and logs the length of the given item as an integer.</doc>
<arguments>
<arg>${LinkItems}</arg>
</arguments>
<assign>
<var>${LinkSize}</var>
</assign>
<msg timestamp="20200730 23:09:18.625" level="INFO">Length is 2</msg>
<msg timestamp="20200730 23:09:18.625" level="INFO">${LinkSize} = 2</msg>
<status status="PASS" starttime="20200730 23:09:18.624" endtime="20200730 23:09:18.625"></status>
</kw>
<kw name="Log" library="BuiltIn">
<doc>Logs the given message with the given level.</doc>
<arguments>
<arg>${LinkSize}</arg>
</arguments>
<msg timestamp="20200730 23:09:18.625" level="INFO">2</msg>
<status status="PASS" starttime="20200730 23:09:18.625" endtime="20200730 23:09:18.625"></status>
</kw>
<status status="PASS" starttime="20200730 23:09:18.601" endtime="20200730 23:09:18.625"></status>
</kw>
<kw name="${INDEX} = 3" type="foritem">
<kw name="Log" library="BuiltIn">
<doc>Logs the given message with the given level.</doc>
<arguments>
<arg>${INDEX}</arg>
</arguments>
<msg timestamp="20200730 23:09:18.625" level="INFO">3</msg>
<status status="PASS" starttime="20200730 23:09:18.625" endtime="20200730 23:09:18.625"></status>
</kw>
<kw name="Get Text" library="SeleniumLibrary">
<doc>Returns the text value of the element identified by ``locator``.</doc>
<arguments>
<arg>xpath=(//a)[${INDEX}]</arg>
</arguments>
<assign>
<var>${lintext}</var>
</assign>
<msg timestamp="20200730 23:09:18.645" level="INFO">${lintext} = Sign in</msg>
<status status="PASS" starttime="20200730 23:09:18.626" endtime="20200730 23:09:18.645"></status>
</kw>
<kw name="Log" library="BuiltIn">
<doc>Logs the given message with the given level.</doc>
<arguments>
<arg>${lintext}</arg>
</arguments>
<msg timestamp="20200730 23:09:18.645" level="INFO">Sign in</msg>
<status status="PASS" starttime="20200730 23:09:18.645" endtime="20200730 23:09:18.645"></status>
</kw>
<kw name="Get Length" library="BuiltIn">
<doc>Returns and logs the length of the given item as an integer.</doc>
<arguments>
<arg>${lintext}</arg>
</arguments>
<assign>
<var>${linklength}</var>
</assign>
<msg timestamp="20200730 23:09:18.645" level="INFO">Length is 7</msg>
<msg timestamp="20200730 23:09:18.645" level="INFO">${linklength} = 7</msg>
<status status="PASS" starttime="20200730 23:09:18.645" endtime="20200730 23:09:18.645"></status>
</kw>
<kw name="Run Keyword If" library="BuiltIn">
<doc>Runs the given keyword with the given arguments, if ``condition`` is true.</doc>
<arguments>
<arg>${linklength}&gt;1</arg>
<arg>Append To List</arg>
<arg>${LinkItems}</arg>
<arg>${lintext}</arg>
</arguments>
<kw name="Append To List" library="Collections">
<doc>Adds ``values`` to the end of ``list``.</doc>
<arguments>
<arg>${LinkItems}</arg>
<arg>${lintext}</arg>
</arguments>
<status status="PASS" starttime="20200730 23:09:18.645" endtime="20200730 23:09:18.645"></status>
</kw>
<status status="PASS" starttime="20200730 23:09:18.645" endtime="20200730 23:09:18.645"></status>
</kw>
<kw name="Get Length" library="BuiltIn">
<doc>Returns and logs the length of the given item as an integer.</doc>
<arguments>
<arg>${LinkItems}</arg>
</arguments>
<assign>
<var>${LinkSize}</var>
</assign>
<msg timestamp="20200730 23:09:18.645" level="INFO">Length is 3</msg>
<msg timestamp="20200730 23:09:18.645" level="INFO">${LinkSize} = 3</msg>
<status status="PASS" starttime="20200730 23:09:18.645" endtime="20200730 23:09:18.645"></status>
</kw>
<kw name="Log" library="BuiltIn">
<doc>Logs the given message with the given level.</doc>
<arguments>
<arg>${LinkSize}</arg>
</arguments>
<msg timestamp="20200730 23:09:18.645" level="INFO">3</msg>
<status status="PASS" starttime="20200730 23:09:18.645" endtime="20200730 23:09:18.645"></status>
</kw>
<status status="PASS" starttime="20200730 23:09:18.625" endtime="20200730 23:09:18.645"></status>
</kw>
<kw name="${INDEX} = 4" type="foritem">
<kw name="Log" library="BuiltIn">
<doc>Logs the given message with the given level.</doc>
<arguments>
<arg>${INDEX}</arg>
</arguments>
<msg timestamp="20200730 23:09:18.645" level="INFO">4</msg>
<status status="PASS" starttime="20200730 23:09:18.645" endtime="20200730 23:09:18.645"></status>
</kw>
<kw name="Get Text" library="SeleniumLibrary">
<doc>Returns the text value of the element identified by ``locator``.</doc>
<arguments>
<arg>xpath=(//a)[${INDEX}]</arg>
</arguments>
<assign>
<var>${lintext}</var>
</assign>
<msg timestamp="20200730 23:09:18.660" level="INFO">${lintext} = Sign up</msg>
<status status="PASS" starttime="20200730 23:09:18.645" endtime="20200730 23:09:18.660"></status>
</kw>
<kw name="Log" library="BuiltIn">
<doc>Logs the given message with the given level.</doc>
<arguments>
<arg>${lintext}</arg>
</arguments>
<msg timestamp="20200730 23:09:18.660" level="INFO">Sign up</msg>
<status status="PASS" starttime="20200730 23:09:18.660" endtime="20200730 23:09:18.660"></status>
</kw>
<kw name="Get Length" library="BuiltIn">
<doc>Returns and logs the length of the given item as an integer.</doc>
<arguments>
<arg>${lintext}</arg>
</arguments>
<assign>
<var>${linklength}</var>
</assign>
<msg timestamp="20200730 23:09:18.660" level="INFO">Length is 7</msg>
<msg timestamp="20200730 23:09:18.660" level="INFO">${linklength} = 7</msg>
<status status="PASS" starttime="20200730 23:09:18.660" endtime="20200730 23:09:18.660"></status>
</kw>
<kw name="Run Keyword If" library="BuiltIn">
<doc>Runs the given keyword with the given arguments, if ``condition`` is true.</doc>
<arguments>
<arg>${linklength}&gt;1</arg>
<arg>Append To List</arg>
<arg>${LinkItems}</arg>
<arg>${lintext}</arg>
</arguments>
<kw name="Append To List" library="Collections">
<doc>Adds ``values`` to the end of ``list``.</doc>
<arguments>
<arg>${LinkItems}</arg>
<arg>${lintext}</arg>
</arguments>
<status status="PASS" starttime="20200730 23:09:18.660" endtime="20200730 23:09:18.660"></status>
</kw>
<status status="PASS" starttime="20200730 23:09:18.660" endtime="20200730 23:09:18.660"></status>
</kw>
<kw name="Get Length" library="BuiltIn">
<doc>Returns and logs the length of the given item as an integer.</doc>
<arguments>
<arg>${LinkItems}</arg>
</arguments>
<assign>
<var>${LinkSize}</var>
</assign>
<msg timestamp="20200730 23:09:18.660" level="INFO">Length is 4</msg>
<msg timestamp="20200730 23:09:18.660" level="INFO">${LinkSize} = 4</msg>
<status status="PASS" starttime="20200730 23:09:18.660" endtime="20200730 23:09:18.660"></status>
</kw>
<kw name="Log" library="BuiltIn">
<doc>Logs the given message with the given level.</doc>
<arguments>
<arg>${LinkSize}</arg>
</arguments>
<msg timestamp="20200730 23:09:18.660" level="INFO">4</msg>
<status status="PASS" starttime="20200730 23:09:18.660" endtime="20200730 23:09:18.660"></status>
</kw>
<status status="PASS" starttime="20200730 23:09:18.645" endtime="20200730 23:09:18.660"></status>
</kw>
<kw name="${INDEX} = 5" type="foritem">
<kw name="Log" library="BuiltIn">
<doc>Logs the given message with the given level.</doc>
<arguments>
<arg>${INDEX}</arg>
</arguments>
<msg timestamp="20200730 23:09:18.676" level="INFO">5</msg>
<status status="PASS" starttime="20200730 23:09:18.660" endtime="20200730 23:09:18.676"></status>
</kw>
<kw name="Get Text" library="SeleniumLibrary">
<doc>Returns the text value of the element identified by ``locator``.</doc>
<arguments>
<arg>xpath=(//a)[${INDEX}]</arg>
</arguments>
<assign>
<var>${lintext}</var>
</assign>
<msg timestamp="20200730 23:09:18.696" level="INFO">${lintext} = </msg>
<status status="PASS" starttime="20200730 23:09:18.676" endtime="20200730 23:09:18.696"></status>
</kw>
<kw name="Log" library="BuiltIn">
<doc>Logs the given message with the given level.</doc>
<arguments>
<arg>${lintext}</arg>
</arguments>
<msg timestamp="20200730 23:09:18.696" level="INFO"></msg>
<status status="PASS" starttime="20200730 23:09:18.696" endtime="20200730 23:09:18.696"></status>
</kw>
<kw name="Get Length" library="BuiltIn">
<doc>Returns and logs the length of the given item as an integer.</doc>
<arguments>
<arg>${lintext}</arg>
</arguments>
<assign>
<var>${linklength}</var>
</assign>
<msg timestamp="20200730 23:09:18.696" level="INFO">Length is 0</msg>
<msg timestamp="20200730 23:09:18.696" level="INFO">${linklength} = 0</msg>
<status status="PASS" starttime="20200730 23:09:18.696" endtime="20200730 23:09:18.696"></status>
</kw>
<kw name="Run Keyword If" library="BuiltIn">
<doc>Runs the given keyword with the given arguments, if ``condition`` is true.</doc>
<arguments>
<arg>${linklength}&gt;1</arg>
<arg>Append To List</arg>
<arg>${LinkItems}</arg>
<arg>${lintext}</arg>
</arguments>
<status status="PASS" starttime="20200730 23:09:18.696" endtime="20200730 23:09:18.696"></status>
</kw>
<kw name="Get Length" library="BuiltIn">
<doc>Returns and logs the length of the given item as an integer.</doc>
<arguments>
<arg>${LinkItems}</arg>
</arguments>
<assign>
<var>${LinkSize}</var>
</assign>
<msg timestamp="20200730 23:09:18.696" level="INFO">Length is 4</msg>
<msg timestamp="20200730 23:09:18.696" level="INFO">${LinkSize} = 4</msg>
<status status="PASS" starttime="20200730 23:09:18.696" endtime="20200730 23:09:18.696"></status>
</kw>
<kw name="Log" library="BuiltIn">
<doc>Logs the given message with the given level.</doc>
<arguments>
<arg>${LinkSize}</arg>
</arguments>
<msg timestamp="20200730 23:09:18.696" level="INFO">4</msg>
<status status="PASS" starttime="20200730 23:09:18.696" endtime="20200730 23:09:18.696"></status>
</kw>
<status status="PASS" starttime="20200730 23:09:18.660" endtime="20200730 23:09:18.696"></status>
</kw>
<kw name="${INDEX} = 6" type="foritem">
<kw name="Log" library="BuiltIn">
<doc>Logs the given message with the given level.</doc>
<arguments>
<arg>${INDEX}</arg>
</arguments>
<msg timestamp="20200730 23:09:18.696" level="INFO">6</msg>
<status status="PASS" starttime="20200730 23:09:18.696" endtime="20200730 23:09:18.696"></status>
</kw>
<kw name="Get Text" library="SeleniumLibrary">
<doc>Returns the text value of the element identified by ``locator``.</doc>
<arguments>
<arg>xpath=(//a)[${INDEX}]</arg>
</arguments>
<assign>
<var>${lintext}</var>
</assign>
<msg timestamp="20200730 23:09:18.711" level="INFO">${lintext} = </msg>
<status status="PASS" starttime="20200730 23:09:18.696" endtime="20200730 23:09:18.711"></status>
</kw>
<kw name="Log" library="BuiltIn">
<doc>Logs the given message with the given level.</doc>
<arguments>
<arg>${lintext}</arg>
</arguments>
<msg timestamp="20200730 23:09:18.711" level="INFO"></msg>
<status status="PASS" starttime="20200730 23:09:18.711" endtime="20200730 23:09:18.711"></status>
</kw>
<kw name="Get Length" library="BuiltIn">
<doc>Returns and logs the length of the given item as an integer.</doc>
<arguments>
<arg>${lintext}</arg>
</arguments>
<assign>
<var>${linklength}</var>
</assign>
<msg timestamp="20200730 23:09:18.711" level="INFO">Length is 0</msg>
<msg timestamp="20200730 23:09:18.711" level="INFO">${linklength} = 0</msg>
<status status="PASS" starttime="20200730 23:09:18.711" endtime="20200730 23:09:18.711"></status>
</kw>
<kw name="Run Keyword If" library="BuiltIn">
<doc>Runs the given keyword with the given arguments, if ``condition`` is true.</doc>
<arguments>
<arg>${linklength}&gt;1</arg>
<arg>Append To List</arg>
<arg>${LinkItems}</arg>
<arg>${lintext}</arg>
</arguments>
<status status="PASS" starttime="20200730 23:09:18.711" endtime="20200730 23:09:18.711"></status>
</kw>
<kw name="Get Length" library="BuiltIn">
<doc>Returns and logs the length of the given item as an integer.</doc>
<arguments>
<arg>${LinkItems}</arg>
</arguments>
<assign>
<var>${LinkSize}</var>
</assign>
<msg timestamp="20200730 23:09:18.711" level="INFO">Length is 4</msg>
<msg timestamp="20200730 23:09:18.711" level="INFO">${LinkSize} = 4</msg>
<status status="PASS" starttime="20200730 23:09:18.711" endtime="20200730 23:09:18.711"></status>
</kw>
<kw name="Log" library="BuiltIn">
<doc>Logs the given message with the given level.</doc>
<arguments>
<arg>${LinkSize}</arg>
</arguments>
<msg timestamp="20200730 23:09:18.711" level="INFO">4</msg>
<status status="PASS" starttime="20200730 23:09:18.711" endtime="20200730 23:09:18.711"></status>
</kw>
<status status="PASS" starttime="20200730 23:09:18.696" endtime="20200730 23:09:18.711"></status>
</kw>
<kw name="${INDEX} = 7" type="foritem">
<kw name="Log" library="BuiltIn">
<doc>Logs the given message with the given level.</doc>
<arguments>
<arg>${INDEX}</arg>
</arguments>
<msg timestamp="20200730 23:09:18.711" level="INFO">7</msg>
<status status="PASS" starttime="20200730 23:09:18.711" endtime="20200730 23:09:18.711"></status>
</kw>
<kw name="Get Text" library="SeleniumLibrary">
<doc>Returns the text value of the element identified by ``locator``.</doc>
<arguments>
<arg>xpath=(//a)[${INDEX}]</arg>
</arguments>
<assign>
<var>${lintext}</var>
</assign>
<msg timestamp="20200730 23:09:18.737" level="INFO">${lintext} = </msg>
<status status="PASS" starttime="20200730 23:09:18.711" endtime="20200730 23:09:18.737"></status>
</kw>
<kw name="Log" library="BuiltIn">
<doc>Logs the given message with the given level.</doc>
<arguments>
<arg>${lintext}</arg>
</arguments>
<msg timestamp="20200730 23:09:18.737" level="INFO"></msg>
<status status="PASS" starttime="20200730 23:09:18.737" endtime="20200730 23:09:18.737"></status>
</kw>
<kw name="Get Length" library="BuiltIn">
<doc>Returns and logs the length of the given item as an integer.</doc>
<arguments>
<arg>${lintext}</arg>
</arguments>
<assign>
<var>${linklength}</var>
</assign>
<msg timestamp="20200730 23:09:18.737" level="INFO">Length is 0</msg>
<msg timestamp="20200730 23:09:18.737" level="INFO">${linklength} = 0</msg>
<status status="PASS" starttime="20200730 23:09:18.737" endtime="20200730 23:09:18.737"></status>
</kw>
<kw name="Run Keyword If" library="BuiltIn">
<doc>Runs the given keyword with the given arguments, if ``condition`` is true.</doc>
<arguments>
<arg>${linklength}&gt;1</arg>
<arg>Append To List</arg>
<arg>${LinkItems}</arg>
<arg>${lintext}</arg>
</arguments>
<status status="PASS" starttime="20200730 23:09:18.737" endtime="20200730 23:09:18.737"></status>
</kw>
<kw name="Get Length" library="BuiltIn">
<doc>Returns and logs the length of the given item as an integer.</doc>
<arguments>
<arg>${LinkItems}</arg>
</arguments>
<assign>
<var>${LinkSize}</var>
</assign>
<msg timestamp="20200730 23:09:18.737" level="INFO">Length is 4</msg>
<msg timestamp="20200730 23:09:18.737" level="INFO">${LinkSize} = 4</msg>
<status status="PASS" starttime="20200730 23:09:18.737" endtime="20200730 23:09:18.737"></status>
</kw>
<kw name="Log" library="BuiltIn">
<doc>Logs the given message with the given level.</doc>
<arguments>
<arg>${LinkSize}</arg>
</arguments>
<msg timestamp="20200730 23:09:18.737" level="INFO">4</msg>
<status status="PASS" starttime="20200730 23:09:18.737" endtime="20200730 23:09:18.737"></status>
</kw>
<status status="PASS" starttime="20200730 23:09:18.711" endtime="20200730 23:09:18.737"></status>
</kw>
<kw name="${INDEX} = 8" type="foritem">
<kw name="Log" library="BuiltIn">
<doc>Logs the given message with the given level.</doc>
<arguments>
<arg>${INDEX}</arg>
</arguments>
<msg timestamp="20200730 23:09:18.737" level="INFO">8</msg>
<status status="PASS" starttime="20200730 23:09:18.737" endtime="20200730 23:09:18.737"></status>
</kw>
<kw name="Get Text" library="SeleniumLibrary">
<doc>Returns the text value of the element identified by ``locator``.</doc>
<arguments>
<arg>xpath=(//a)[${INDEX}]</arg>
</arguments>
<assign>
<var>${lintext}</var>
</assign>
<msg timestamp="20200730 23:09:18.770" level="INFO">${lintext} = </msg>
<status status="PASS" starttime="20200730 23:09:18.737" endtime="20200730 23:09:18.770"></status>
</kw>
<kw name="Log" library="BuiltIn">
<doc>Logs the given message with the given level.</doc>
<arguments>
<arg>${lintext}</arg>
</arguments>
<msg timestamp="20200730 23:09:18.771" level="INFO"></msg>
<status status="PASS" starttime="20200730 23:09:18.770" endtime="20200730 23:09:18.771"></status>
</kw>
<kw name="Get Length" library="BuiltIn">
<doc>Returns and logs the length of the given item as an integer.</doc>
<arguments>
<arg>${lintext}</arg>
</arguments>
<assign>
<var>${linklength}</var>
</assign>
<msg timestamp="20200730 23:09:18.771" level="INFO">Length is 0</msg>
<msg timestamp="20200730 23:09:18.771" level="INFO">${linklength} = 0</msg>
<status status="PASS" starttime="20200730 23:09:18.771" endtime="20200730 23:09:18.771"></status>
</kw>
<kw name="Run Keyword If" library="BuiltIn">
<doc>Runs the given keyword with the given arguments, if ``condition`` is true.</doc>
<arguments>
<arg>${linklength}&gt;1</arg>
<arg>Append To List</arg>
<arg>${LinkItems}</arg>
<arg>${lintext}</arg>
</arguments>
<status status="PASS" starttime="20200730 23:09:18.771" endtime="20200730 23:09:18.771"></status>
</kw>
<kw name="Get Length" library="BuiltIn">
<doc>Returns and logs the length of the given item as an integer.</doc>
<arguments>
<arg>${LinkItems}</arg>
</arguments>
<assign>
<var>${LinkSize}</var>
</assign>
<msg timestamp="20200730 23:09:18.771" level="INFO">Length is 4</msg>
<msg timestamp="20200730 23:09:18.771" level="INFO">${LinkSize} = 4</msg>
<status status="PASS" starttime="20200730 23:09:18.771" endtime="20200730 23:09:18.771"></status>
</kw>
<kw name="Log" library="BuiltIn">
<doc>Logs the given message with the given level.</doc>
<arguments>
<arg>${LinkSize}</arg>
</arguments>
<msg timestamp="20200730 23:09:18.771" level="INFO">4</msg>
<status status="PASS" starttime="20200730 23:09:18.771" endtime="20200730 23:09:18.771"></status>
</kw>
<status status="PASS" starttime="20200730 23:09:18.737" endtime="20200730 23:09:18.771"></status>
</kw>
<kw name="${INDEX} = 9" type="foritem">
<kw name="Log" library="BuiltIn">
<doc>Logs the given message with the given level.</doc>
<arguments>
<arg>${INDEX}</arg>
</arguments>
<msg timestamp="20200730 23:09:18.771" level="INFO">9</msg>
<status status="PASS" starttime="20200730 23:09:18.771" endtime="20200730 23:09:18.771"></status>
</kw>
<kw name="Get Text" library="SeleniumLibrary">
<doc>Returns the text value of the element identified by ``locator``.</doc>
<arguments>
<arg>xpath=(//a)[${INDEX}]</arg>
</arguments>
<assign>
<var>${lintext}</var>
</assign>
<msg timestamp="20200730 23:09:18.794" level="INFO">${lintext} = Have an account?</msg>
<status status="PASS" starttime="20200730 23:09:18.771" endtime="20200730 23:09:18.794"></status>
</kw>
<kw name="Log" library="BuiltIn">
<doc>Logs the given message with the given level.</doc>
<arguments>
<arg>${lintext}</arg>
</arguments>
<msg timestamp="20200730 23:09:18.794" level="INFO">Have an account?</msg>
<status status="PASS" starttime="20200730 23:09:18.794" endtime="20200730 23:09:18.794"></status>
</kw>
<kw name="Get Length" library="BuiltIn">
<doc>Returns and logs the length of the given item as an integer.</doc>
<arguments>
<arg>${lintext}</arg>
</arguments>
<assign>
<var>${linklength}</var>
</assign>
<msg timestamp="20200730 23:09:18.794" level="INFO">Length is 16</msg>
<msg timestamp="20200730 23:09:18.794" level="INFO">${linklength} = 16</msg>
<status status="PASS" starttime="20200730 23:09:18.794" endtime="20200730 23:09:18.794"></status>
</kw>
<kw name="Run Keyword If" library="BuiltIn">
<doc>Runs the given keyword with the given arguments, if ``condition`` is true.</doc>
<arguments>
<arg>${linklength}&gt;1</arg>
<arg>Append To List</arg>
<arg>${LinkItems}</arg>
<arg>${lintext}</arg>
</arguments>
<kw name="Append To List" library="Collections">
<doc>Adds ``values`` to the end of ``list``.</doc>
<arguments>
<arg>${LinkItems}</arg>
<arg>${lintext}</arg>
</arguments>
<status status="PASS" starttime="20200730 23:09:18.794" endtime="20200730 23:09:18.794"></status>
</kw>
<status status="PASS" starttime="20200730 23:09:18.794" endtime="20200730 23:09:18.794"></status>
</kw>
<kw name="Get Length" library="BuiltIn">
<doc>Returns and logs the length of the given item as an integer.</doc>
<arguments>
<arg>${LinkItems}</arg>
</arguments>
<assign>
<var>${LinkSize}</var>
</assign>
<msg timestamp="20200730 23:09:18.794" level="INFO">Length is 5</msg>
<msg timestamp="20200730 23:09:18.794" level="INFO">${LinkSize} = 5</msg>
<status status="PASS" starttime="20200730 23:09:18.794" endtime="20200730 23:09:18.794"></status>
</kw>
<kw name="Log" library="BuiltIn">
<doc>Logs the given message with the given level.</doc>
<arguments>
<arg>${LinkSize}</arg>
</arguments>
<msg timestamp="20200730 23:09:18.794" level="INFO">5</msg>
<status status="PASS" starttime="20200730 23:09:18.794" endtime="20200730 23:09:18.794"></status>
</kw>
<status status="PASS" starttime="20200730 23:09:18.771" endtime="20200730 23:09:18.794"></status>
</kw>
<kw name="${INDEX} = 10" type="foritem">
<kw name="Log" library="BuiltIn">
<doc>Logs the given message with the given level.</doc>
<arguments>
<arg>${INDEX}</arg>
</arguments>
<msg timestamp="20200730 23:09:18.794" level="INFO">10</msg>
<status status="PASS" starttime="20200730 23:09:18.794" endtime="20200730 23:09:18.794"></status>
</kw>
<kw name="Get Text" library="SeleniumLibrary">
<doc>Returns the text value of the element identified by ``locator``.</doc>
<arguments>
<arg>xpath=(//a)[${INDEX}]</arg>
</arguments>
<assign>
<var>${lintext}</var>
</assign>
<msg timestamp="20200730 23:09:18.820" level="INFO">${lintext} = </msg>
<status status="PASS" starttime="20200730 23:09:18.794" endtime="20200730 23:09:18.820"></status>
</kw>
<kw name="Log" library="BuiltIn">
<doc>Logs the given message with the given level.</doc>
<arguments>
<arg>${lintext}</arg>
</arguments>
<msg timestamp="20200730 23:09:18.821" level="INFO"></msg>
<status status="PASS" starttime="20200730 23:09:18.820" endtime="20200730 23:09:18.821"></status>
</kw>
<kw name="Get Length" library="BuiltIn">
<doc>Returns and logs the length of the given item as an integer.</doc>
<arguments>
<arg>${lintext}</arg>
</arguments>
<assign>
<var>${linklength}</var>
</assign>
<msg timestamp="20200730 23:09:18.821" level="INFO">Length is 0</msg>
<msg timestamp="20200730 23:09:18.821" level="INFO">${linklength} = 0</msg>
<status status="PASS" starttime="20200730 23:09:18.821" endtime="20200730 23:09:18.821"></status>
</kw>
<kw name="Run Keyword If" library="BuiltIn">
<doc>Runs the given keyword with the given arguments, if ``condition`` is true.</doc>
<arguments>
<arg>${linklength}&gt;1</arg>
<arg>Append To List</arg>
<arg>${LinkItems}</arg>
<arg>${lintext}</arg>
</arguments>
<status status="PASS" starttime="20200730 23:09:18.821" endtime="20200730 23:09:18.822"></status>
</kw>
<kw name="Get Length" library="BuiltIn">
<doc>Returns and logs the length of the given item as an integer.</doc>
<arguments>
<arg>${LinkItems}</arg>
</arguments>
<assign>
<var>${LinkSize}</var>
</assign>
<msg timestamp="20200730 23:09:18.822" level="INFO">Length is 5</msg>
<msg timestamp="20200730 23:09:18.822" level="INFO">${LinkSize} = 5</msg>
<status status="PASS" starttime="20200730 23:09:18.822" endtime="20200730 23:09:18.822"></status>
</kw>
<kw name="Log" library="BuiltIn">
<doc>Logs the given message with the given level.</doc>
<arguments>
<arg>${LinkSize}</arg>
</arguments>
<msg timestamp="20200730 23:09:18.822" level="INFO">5</msg>
<status status="PASS" starttime="20200730 23:09:18.822" endtime="20200730 23:09:18.822"></status>
</kw>
<status status="PASS" starttime="20200730 23:09:18.794" endtime="20200730 23:09:18.822"></status>
</kw>
<kw name="${INDEX} = 11" type="foritem">
<kw name="Log" library="BuiltIn">
<doc>Logs the given message with the given level.</doc>
<arguments>
<arg>${INDEX}</arg>
</arguments>
<msg timestamp="20200730 23:09:18.823" level="INFO">11</msg>
<status status="PASS" starttime="20200730 23:09:18.823" endtime="20200730 23:09:18.823"></status>
</kw>
<kw name="Get Text" library="SeleniumLibrary">
<doc>Returns the text value of the element identified by ``locator``.</doc>
<arguments>
<arg>xpath=(//a)[${INDEX}]</arg>
</arguments>
<assign>
<var>${lintext}</var>
</assign>
<msg timestamp="20200730 23:09:18.849" level="INFO">${lintext} = conduit</msg>
<status status="PASS" starttime="20200730 23:09:18.823" endtime="20200730 23:09:18.849"></status>
</kw>
<kw name="Log" library="BuiltIn">
<doc>Logs the given message with the given level.</doc>
<arguments>
<arg>${lintext}</arg>
</arguments>
<msg timestamp="20200730 23:09:18.849" level="INFO">conduit</msg>
<status status="PASS" starttime="20200730 23:09:18.849" endtime="20200730 23:09:18.849"></status>
</kw>
<kw name="Get Length" library="BuiltIn">
<doc>Returns and logs the length of the given item as an integer.</doc>
<arguments>
<arg>${lintext}</arg>
</arguments>
<assign>
<var>${linklength}</var>
</assign>
<msg timestamp="20200730 23:09:18.849" level="INFO">Length is 7</msg>
<msg timestamp="20200730 23:09:18.849" level="INFO">${linklength} = 7</msg>
<status status="PASS" starttime="20200730 23:09:18.849" endtime="20200730 23:09:18.849"></status>
</kw>
<kw name="Run Keyword If" library="BuiltIn">
<doc>Runs the given keyword with the given arguments, if ``condition`` is true.</doc>
<arguments>
<arg>${linklength}&gt;1</arg>
<arg>Append To List</arg>
<arg>${LinkItems}</arg>
<arg>${lintext}</arg>
</arguments>
<kw name="Append To List" library="Collections">
<doc>Adds ``values`` to the end of ``list``.</doc>
<arguments>
<arg>${LinkItems}</arg>
<arg>${lintext}</arg>
</arguments>
<status status="PASS" starttime="20200730 23:09:18.849" endtime="20200730 23:09:18.849"></status>
</kw>
<status status="PASS" starttime="20200730 23:09:18.849" endtime="20200730 23:09:18.849"></status>
</kw>
<kw name="Get Length" library="BuiltIn">
<doc>Returns and logs the length of the given item as an integer.</doc>
<arguments>
<arg>${LinkItems}</arg>
</arguments>
<assign>
<var>${LinkSize}</var>
</assign>
<msg timestamp="20200730 23:09:18.849" level="INFO">Length is 6</msg>
<msg timestamp="20200730 23:09:18.849" level="INFO">${LinkSize} = 6</msg>
<status status="PASS" starttime="20200730 23:09:18.849" endtime="20200730 23:09:18.849"></status>
</kw>
<kw name="Log" library="BuiltIn">
<doc>Logs the given message with the given level.</doc>
<arguments>
<arg>${LinkSize}</arg>
</arguments>
<msg timestamp="20200730 23:09:18.849" level="INFO">6</msg>
<status status="PASS" starttime="20200730 23:09:18.849" endtime="20200730 23:09:18.849"></status>
</kw>
<status status="PASS" starttime="20200730 23:09:18.823" endtime="20200730 23:09:18.849"></status>
</kw>
<kw name="${INDEX} = 12" type="foritem">
<kw name="Log" library="BuiltIn">
<doc>Logs the given message with the given level.</doc>
<arguments>
<arg>${INDEX}</arg>
</arguments>
<msg timestamp="20200730 23:09:18.849" level="INFO">12</msg>
<status status="PASS" starttime="20200730 23:09:18.849" endtime="20200730 23:09:18.849"></status>
</kw>
<kw name="Get Text" library="SeleniumLibrary">
<doc>Returns the text value of the element identified by ``locator``.</doc>
<arguments>
<arg>xpath=(//a)[${INDEX}]</arg>
</arguments>
<assign>
<var>${lintext}</var>
</assign>
<msg timestamp="20200730 23:09:18.872" level="INFO">${lintext} = Thinkster</msg>
<status status="PASS" starttime="20200730 23:09:18.849" endtime="20200730 23:09:18.872"></status>
</kw>
<kw name="Log" library="BuiltIn">
<doc>Logs the given message with the given level.</doc>
<arguments>
<arg>${lintext}</arg>
</arguments>
<msg timestamp="20200730 23:09:18.872" level="INFO">Thinkster</msg>
<status status="PASS" starttime="20200730 23:09:18.872" endtime="20200730 23:09:18.872"></status>
</kw>
<kw name="Get Length" library="BuiltIn">
<doc>Returns and logs the length of the given item as an integer.</doc>
<arguments>
<arg>${lintext}</arg>
</arguments>
<assign>
<var>${linklength}</var>
</assign>
<msg timestamp="20200730 23:09:18.872" level="INFO">Length is 9</msg>
<msg timestamp="20200730 23:09:18.872" level="INFO">${linklength} = 9</msg>
<status status="PASS" starttime="20200730 23:09:18.872" endtime="20200730 23:09:18.872"></status>
</kw>
<kw name="Run Keyword If" library="BuiltIn">
<doc>Runs the given keyword with the given arguments, if ``condition`` is true.</doc>
<arguments>
<arg>${linklength}&gt;1</arg>
<arg>Append To List</arg>
<arg>${LinkItems}</arg>
<arg>${lintext}</arg>
</arguments>
<kw name="Append To List" library="Collections">
<doc>Adds ``values`` to the end of ``list``.</doc>
<arguments>
<arg>${LinkItems}</arg>
<arg>${lintext}</arg>
</arguments>
<status status="PASS" starttime="20200730 23:09:18.872" endtime="20200730 23:09:18.872"></status>
</kw>
<status status="PASS" starttime="20200730 23:09:18.872" endtime="20200730 23:09:18.872"></status>
</kw>
<kw name="Get Length" library="BuiltIn">
<doc>Returns and logs the length of the given item as an integer.</doc>
<arguments>
<arg>${LinkItems}</arg>
</arguments>
<assign>
<var>${LinkSize}</var>
</assign>
<msg timestamp="20200730 23:09:18.872" level="INFO">Length is 7</msg>
<msg timestamp="20200730 23:09:18.872" level="INFO">${LinkSize} = 7</msg>
<status status="PASS" starttime="20200730 23:09:18.872" endtime="20200730 23:09:18.872"></status>
</kw>
<kw name="Log" library="BuiltIn">
<doc>Logs the given message with the given level.</doc>
<arguments>
<arg>${LinkSize}</arg>
</arguments>
<msg timestamp="20200730 23:09:18.872" level="INFO">7</msg>
<status status="PASS" starttime="20200730 23:09:18.872" endtime="20200730 23:09:18.872"></status>
</kw>
<status status="PASS" starttime="20200730 23:09:18.849" endtime="20200730 23:09:18.872"></status>
</kw>
<status status="PASS" starttime="20200730 23:09:18.566" endtime="20200730 23:09:18.872"></status>
</kw>
<kw name="Comment" library="BuiltIn">
<doc>Displays the given messages in the log file as keyword arguments.</doc>
<arguments>
<arg>Print all links</arg>
</arguments>
<status status="PASS" starttime="20200730 23:09:18.872" endtime="20200730 23:09:18.872"></status>
</kw>
<kw name="${ELEMENT} IN [ @{LinkItems} ]" type="for">
<kw name="${ELEMENT} = conduit" type="foritem">
<kw name="Log" library="BuiltIn">
<doc>Logs the given message with the given level.</doc>
<arguments>
<arg>${ELEMENT}</arg>
</arguments>
<msg timestamp="20200730 23:09:18.872" level="INFO">conduit</msg>
<status status="PASS" starttime="20200730 23:09:18.872" endtime="20200730 23:09:18.872"></status>
</kw>
<status status="PASS" starttime="20200730 23:09:18.872" endtime="20200730 23:09:18.872"></status>
</kw>
<kw name="${ELEMENT} = Home" type="foritem">
<kw name="Log" library="BuiltIn">
<doc>Logs the given message with the given level.</doc>
<arguments>
<arg>${ELEMENT}</arg>
</arguments>
<msg timestamp="20200730 23:09:18.872" level="INFO">Home</msg>
<status status="PASS" starttime="20200730 23:09:18.872" endtime="20200730 23:09:18.872"></status>
</kw>
<status status="PASS" starttime="20200730 23:09:18.872" endtime="20200730 23:09:18.872"></status>
</kw>
<kw name="${ELEMENT} = Sign in" type="foritem">
<kw name="Log" library="BuiltIn">
<doc>Logs the given message with the given level.</doc>
<arguments>
<arg>${ELEMENT}</arg>
</arguments>
<msg timestamp="20200730 23:09:18.872" level="INFO">Sign in</msg>
<status status="PASS" starttime="20200730 23:09:18.872" endtime="20200730 23:09:18.872"></status>
</kw>
<status status="PASS" starttime="20200730 23:09:18.872" endtime="20200730 23:09:18.872"></status>
</kw>
<kw name="${ELEMENT} = Sign up" type="foritem">
<kw name="Log" library="BuiltIn">
<doc>Logs the given message with the given level.</doc>
<arguments>
<arg>${ELEMENT}</arg>
</arguments>
<msg timestamp="20200730 23:09:18.872" level="INFO">Sign up</msg>
<status status="PASS" starttime="20200730 23:09:18.872" endtime="20200730 23:09:18.872"></status>
</kw>
<status status="PASS" starttime="20200730 23:09:18.872" endtime="20200730 23:09:18.872"></status>
</kw>
<kw name="${ELEMENT} = Have an account?" type="foritem">
<kw name="Log" library="BuiltIn">
<doc>Logs the given message with the given level.</doc>
<arguments>
<arg>${ELEMENT}</arg>
</arguments>
<msg timestamp="20200730 23:09:18.872" level="INFO">Have an account?</msg>
<status status="PASS" starttime="20200730 23:09:18.872" endtime="20200730 23:09:18.872"></status>
</kw>
<status status="PASS" starttime="20200730 23:09:18.872" endtime="20200730 23:09:18.872"></status>
</kw>
<kw name="${ELEMENT} = conduit" type="foritem">
<kw name="Log" library="BuiltIn">
<doc>Logs the given message with the given level.</doc>
<arguments>
<arg>${ELEMENT}</arg>
</arguments>
<msg timestamp="20200730 23:09:18.872" level="INFO">conduit</msg>
<status status="PASS" starttime="20200730 23:09:18.872" endtime="20200730 23:09:18.872"></status>
</kw>
<status status="PASS" starttime="20200730 23:09:18.872" endtime="20200730 23:09:18.872"></status>
</kw>
<kw name="${ELEMENT} = Thinkster" type="foritem">
<kw name="Log" library="BuiltIn">
<doc>Logs the given message with the given level.</doc>
<arguments>
<arg>${ELEMENT}</arg>
</arguments>
<msg timestamp="20200730 23:09:18.872" level="INFO">Thinkster</msg>
<status status="PASS" starttime="20200730 23:09:18.872" endtime="20200730 23:09:18.872"></status>
</kw>
<status status="PASS" starttime="20200730 23:09:18.872" endtime="20200730 23:09:18.872"></status>
</kw>
<status status="PASS" starttime="20200730 23:09:18.872" endtime="20200730 23:09:18.872"></status>
</kw>
<status status="PASS" starttime="20200730 23:09:11.532" endtime="20200730 23:09:18.872" critical="yes"></status>
</test>
<test id="s1-t2" name="Validation of Error messages for all blank values">
<kw name="Wait Until Element Is Enabled" library="SeleniumLibrary">
<doc>Waits until the element ``locator`` is enabled.</doc>
<arguments>
<arg>xpath://input[contains(@placeholder, 'Username')]</arg>
</arguments>
<status status="PASS" starttime="20200730 23:09:18.872" endtime="20200730 23:09:18.903"></status>
</kw>
<kw name="Element Should Be Enabled" library="SeleniumLibrary">
<doc>Verifies that element identified by ``locator`` is enabled.</doc>
<arguments>
<arg>xpath://button[contains(text(),'Sign up')]</arg>
</arguments>
<status status="PASS" starttime="20200730 23:09:18.903" endtime="20200730 23:09:18.918"></status>
</kw>
<kw name="Click Element" library="SeleniumLibrary">
<doc>Click the element identified by ``locator``.</doc>
<arguments>
<arg>xpath://button[contains(text(),'Sign up')]</arg>
</arguments>
<msg timestamp="20200730 23:09:18.918" level="INFO">Clicking element 'xpath://button[contains(text(),'Sign up')]'.</msg>
<status status="PASS" starttime="20200730 23:09:18.918" endtime="20200730 23:09:18.968"></status>
</kw>
<kw name="Maximize Browser Window" library="SeleniumLibrary">
<doc>Maximizes current browser window.</doc>
<status status="PASS" starttime="20200730 23:09:18.968" endtime="20200730 23:09:21.136"></status>
</kw>
<kw name="Sleep" library="BuiltIn">
<doc>Pauses the test executed for the given time.</doc>
<arguments>
<arg>5s</arg>
</arguments>
<msg timestamp="20200730 23:09:26.148" level="INFO">Slept 5 seconds</msg>
<status status="PASS" starttime="20200730 23:09:21.136" endtime="20200730 23:09:26.148"></status>
</kw>
<kw name="Scroll Page To View">
<arguments>
<arg>0</arg>
<arg>2000</arg>
</arguments>
<kw name="Execute Javascript" library="SeleniumLibrary">
<doc>Executes the given JavaScript code with possible arguments.</doc>
<arguments>
<arg>window.scrollTo(${x_location},${y_location})</arg>
</arguments>
<msg timestamp="20200730 23:09:26.148" level="INFO">Executing JavaScript:
window.scrollTo(0,2000)
Without any arguments.</msg>
<status status="PASS" starttime="20200730 23:09:26.148" endtime="20200730 23:09:26.165"></status>
</kw>
<status status="PASS" starttime="20200730 23:09:26.148" endtime="20200730 23:09:26.165"></status>
</kw>
<kw name="Wait Until Page Contains Element" library="SeleniumLibrary">
<doc>Waits until the element ``locator`` appears on the current page.</doc>
<arguments>
<arg>xpath://list-errors//div//li[text()[contains(., "username can't be blank")]]</arg>
</arguments>
<status status="PASS" starttime="20200730 23:09:26.166" endtime="20200730 23:09:26.179"></status>
</kw>
<kw name="Element Text Should Be" library="SeleniumLibrary">
<doc>Verifies that element ``locator`` contains exact the text ``expected``.</doc>
<arguments>
<arg>xpath://list-errors//div//li[text()[contains(., "username can't be blank")]]</arg>
<arg>${ERROR_MESSAGE1}</arg>
</arguments>
<msg timestamp="20200730 23:09:26.180" level="INFO">Verifying element 'xpath://list-errors//div//li[text()[contains(., "username can't be blank")]]' contains exact text 'username can't be blank'.</msg>
<status status="PASS" starttime="20200730 23:09:26.179" endtime="20200730 23:09:26.199"></status>
</kw>
<kw name="Wait Until Page Contains Element" library="SeleniumLibrary">
<doc>Waits until the element ``locator`` appears on the current page.</doc>
<arguments>
<arg>xpath://list-errors//div//li[text()[contains(.,"email can't be blank")]]</arg>
</arguments>
<status status="PASS" starttime="20200730 23:09:26.199" endtime="20200730 23:09:26.208"></status>
</kw>
<kw name="Element Text Should Be" library="SeleniumLibrary">
<doc>Verifies that element ``locator`` contains exact the text ``expected``.</doc>
<arguments>
<arg>xpath://list-errors//div//li[text()[contains(.,"email can't be blank")]]</arg>
<arg>${ERROR_MESSAGE2}</arg>
</arguments>
<msg timestamp="20200730 23:09:26.208" level="INFO">Verifying element 'xpath://list-errors//div//li[text()[contains(.,"email can't be blank")]]' contains exact text 'email can't be blank'.</msg>
<status status="PASS" starttime="20200730 23:09:26.208" endtime="20200730 23:09:26.224"></status>
</kw>
<kw name="Wait Until Page Contains Element" library="SeleniumLibrary">
<doc>Waits until the element ``locator`` appears on the current page.</doc>
<arguments>
<arg>xpath://list-errors//div//li[text()[contains(.,"password can't be blank")]]</arg>
</arguments>
<status status="PASS" starttime="20200730 23:09:26.224" endtime="20200730 23:09:26.239"></status>
</kw>
<kw name="Element Text Should Be" library="SeleniumLibrary">
<doc>Verifies that element ``locator`` contains exact the text ``expected``.</doc>
<arguments>
<arg>xpath://list-errors//div//li[text()[contains(.,"password can't be blank")]]</arg>
<arg>${ERROR_MESSAGE3}</arg>
</arguments>
<msg timestamp="20200730 23:09:26.239" level="INFO">Verifying element 'xpath://list-errors//div//li[text()[contains(.,"password can't be blank")]]' contains exact text 'password can't be blank'.</msg>
<status status="PASS" starttime="20200730 23:09:26.239" endtime="20200730 23:09:26.255"></status>
</kw>
<kw name="Wait Until Page Contains Element" library="SeleniumLibrary">
<doc>Waits until the element ``locator`` appears on the current page.</doc>
<arguments>
<arg>xpath://list-errors//div//li[text()[contains(.,"username is too short (minimum is 1 character)")]]</arg>
</arguments>
<status status="PASS" starttime="20200730 23:09:26.255" endtime="20200730 23:09:26.270"></status>
</kw>
<kw name="Element Text Should Be" library="SeleniumLibrary">
<doc>Verifies that element ``locator`` contains exact the text ``expected``.</doc>
<arguments>
<arg>xpath://list-errors//div//li[text()[contains(.,"username is too short (minimum is 1 character)")]]</arg>
<arg>${ERROR_MESSAGE4}</arg>
</arguments>
<msg timestamp="20200730 23:09:26.270" level="INFO">Verifying element 'xpath://list-errors//div//li[text()[contains(.,"username is too short (minimum is 1 character)")]]' contains exact text 'username is too short (minimum is 1 character)'.</msg>
<status status="PASS" starttime="20200730 23:09:26.270" endtime="20200730 23:09:26.286"></status>
</kw>
<kw name="Wait Until Page Contains Element" library="SeleniumLibrary">
<doc>Waits until the element ``locator`` appears on the current page.</doc>
<arguments>
<arg>xpath://list-errors//div//li[text()[contains(.,"username is too long (maximum is 20 characters)")]]</arg>
</arguments>
<status status="PASS" starttime="20200730 23:09:26.286" endtime="20200730 23:09:26.302"></status>
</kw>
<kw name="Element Text Should Be" library="SeleniumLibrary">
<doc>Verifies that element ``locator`` contains exact the text ``expected``.</doc>
<arguments>
<arg>xpath://list-errors//div//li[text()[contains(.,"username is too long (maximum is 20 characters)")]]</arg>
<arg>${ERROR_MESSAGE5}</arg>
</arguments>
<msg timestamp="20200730 23:09:26.302" level="INFO">Verifying element 'xpath://list-errors//div//li[text()[contains(.,"username is too long (maximum is 20 characters)")]]' contains exact text 'username is too long (maximum is 20 characters)'.</msg>
<status status="PASS" starttime="20200730 23:09:26.302" endtime="20200730 23:09:26.317"></status>
</kw>
<status status="PASS" starttime="20200730 23:09:18.872" endtime="20200730 23:09:26.317" critical="yes"></status>
</test>
<test id="s1-t3" name="Validation of Error messages for blank Username">
<kw name="Wait Until Element Is Enabled" library="SeleniumLibrary">
<doc>Waits until the element ``locator`` is enabled.</doc>
<arguments>
<arg>xpath://input[contains(@placeholder, 'Username')]</arg>
</arguments>
<status status="PASS" starttime="20200730 23:09:26.317" endtime="20200730 23:09:26.349"></status>
</kw>
<kw name="Clear Element Text" library="SeleniumLibrary">
<doc>Clears the value of the text-input-element identified by ``locator``.</doc>
<arguments>
<arg>xpath://input[contains(@placeholder, 'Username')]</arg>
</arguments>
<status status="PASS" starttime="20200730 23:09:26.349" endtime="20200730 23:09:26.380"></status>
</kw>
<kw name="Click Element" library="SeleniumLibrary">
<doc>Click the element identified by ``locator``.</doc>
<arguments>
<arg>xpath://input[contains(@placeholder, 'Email')]</arg>
</arguments>
<msg timestamp="20200730 23:09:26.380" level="INFO">Clicking element 'xpath://input[contains(@placeholder, 'Email')]'.</msg>
<status status="PASS" starttime="20200730 23:09:26.380" endtime="20200730 23:09:26.445"></status>
</kw>
<kw name="Input Text" library="SeleniumLibrary">
<doc>Types the given ``text`` into the text field identified by ``locator``.</doc>
<arguments>
<arg>xpath://input[contains(@placeholder, 'Email')]</arg>
<arg>${INVALID_EMAIL1}@gmail.com</arg>
<arg>clear=True</arg>
</arguments>
<msg timestamp="20200730 23:09:26.448" level="INFO">Typing text '$%$%$123-@gmail.com' into text field 'xpath://input[contains(@placeholder, 'Email')]'.</msg>
<status status="PASS" starttime="20200730 23:09:26.447" endtime="20200730 23:09:26.542"></status>
</kw>
<kw name="Wait Until Element Is Enabled" library="SeleniumLibrary">
<doc>Waits until the element ``locator`` is enabled.</doc>
<arguments>
<arg>xpath://input[contains(@placeholder, 'Password')]</arg>
</arguments>
<status status="PASS" starttime="20200730 23:09:26.543" endtime="20200730 23:09:26.569"></status>
</kw>
<kw name="Click Element" library="SeleniumLibrary">
<doc>Click the element identified by ``locator``.</doc>
<arguments>
<arg>xpath://input[contains(@placeholder, 'Password')]</arg>
</arguments>
<msg timestamp="20200730 23:09:26.570" level="INFO">Clicking element 'xpath://input[contains(@placeholder, 'Password')]'.</msg>
<status status="PASS" starttime="20200730 23:09:26.570" endtime="20200730 23:09:26.612"></status>
</kw>
<kw name="Input Password" library="SeleniumLibrary">
<doc>Types the given password into the text field identified by ``locator``.</doc>
<arguments>
<arg>xpath://input[contains(@placeholder, 'Password')]</arg>
<arg>${INVALID_PASSWORD1}</arg>
<arg>clear=True</arg>
</arguments>
<msg timestamp="20200730 23:09:26.613" level="INFO">Typing password into text field 'xpath://input[contains(@placeholder, 'Password')]'.</msg>
<msg timestamp="20200730 23:09:26.641" level="INFO">Temporally setting log level to: NONE</msg>
<msg timestamp="20200730 23:09:26.678" level="INFO">Log level changed from NONE to INFO.</msg>
<status status="PASS" starttime="20200730 23:09:26.613" endtime="20200730 23:09:26.678"></status>
</kw>
<kw name="Element Should Be Enabled" library="SeleniumLibrary">
<doc>Verifies that element identified by ``locator`` is enabled.</doc>
<arguments>
<arg>xpath://button[contains(text(),'Sign up')]</arg>
</arguments>
<status status="PASS" starttime="20200730 23:09:26.678" endtime="20200730 23:09:26.702"></status>
</kw>
<kw name="Click Element" library="SeleniumLibrary">
<doc>Click the element identified by ``locator``.</doc>
<arguments>
<arg>xpath://button[contains(text(),'Sign up')]</arg>
</arguments>
<msg timestamp="20200730 23:09:26.703" level="INFO">Clicking element 'xpath://button[contains(text(),'Sign up')]'.</msg>
<status status="PASS" starttime="20200730 23:09:26.703" endtime="20200730 23:09:26.750"></status>
</kw>
<kw name="Wait Until Page Contains Element" library="SeleniumLibrary">
<doc>Waits until the element ``locator`` appears on the current page.</doc>
<arguments>
<arg>xpath://list-errors//div//li[text()[contains(., "username can't be blank")]]</arg>
</arguments>
<status status="PASS" starttime="20200730 23:09:26.754" endtime="20200730 23:09:26.767"></status>
</kw>
<kw name="Element Text Should Be" library="SeleniumLibrary">
<doc>Verifies that element ``locator`` contains exact the text ``expected``.</doc>
<arguments>
<arg>xpath://list-errors//div//li[text()[contains(., "username can't be blank")]]</arg>
<arg>${ERROR_MESSAGE1}</arg>
</arguments>
<msg timestamp="20200730 23:09:26.768" level="INFO">Verifying element 'xpath://list-errors//div//li[text()[contains(., "username can't be blank")]]' contains exact text 'username can't be blank'.</msg>
<status status="PASS" starttime="20200730 23:09:26.768" endtime="20200730 23:09:26.783"></status>
</kw>
<status status="PASS" starttime="20200730 23:09:26.317" endtime="20200730 23:09:26.783" critical="yes"></status>
</test>
<test id="s1-t4" name="Validation of Error messages for blank Email">
<kw name="Wait Until Element Is Enabled" library="SeleniumLibrary">
<doc>Waits until the element ``locator`` is enabled.</doc>
<arguments>
<arg>xpath://input[contains(@placeholder, 'Username')]</arg>
</arguments>
<status status="PASS" starttime="20200730 23:09:26.785" endtime="20200730 23:09:27.663"></status>
</kw>
<kw name="Click Element" library="SeleniumLibrary">
<doc>Click the element identified by ``locator``.</doc>
<arguments>
<arg>xpath://input[contains(@placeholder, 'Username')]</arg>
</arguments>
<msg timestamp="20200730 23:09:27.663" level="INFO">Clicking element 'xpath://input[contains(@placeholder, 'Username')]'.</msg>
<status status="PASS" starttime="20200730 23:09:27.663" endtime="20200730 23:09:27.706"></status>
</kw>
<kw name="Input Text" library="SeleniumLibrary">
<doc>Types the given ``text`` into the text field identified by ``locator``.</doc>
<arguments>
<arg>xpath://input[contains(@placeholder, 'Username')]</arg>
<arg>${INVALID_USERID1}</arg>
<arg>clear=True</arg>
</arguments>
<msg timestamp="20200730 23:09:27.707" level="INFO">Typing text '$%$%$123-' into text field 'xpath://input[contains(@placeholder, 'Username')]'.</msg>
<status status="PASS" starttime="20200730 23:09:27.707" endtime="20200730 23:09:27.763"></status>
</kw>
<kw name="Clear Element Text" library="SeleniumLibrary">
<doc>Clears the value of the text-input-element identified by ``locator``.</doc>
<arguments>
<arg>xpath://input[contains(@placeholder, 'Email')]</arg>
</arguments>
<status status="PASS" starttime="20200730 23:09:27.764" endtime="20200730 23:09:27.791"></status>
</kw>
<kw name="Click Element" library="SeleniumLibrary">
<doc>Click the element identified by ``locator``.</doc>
<arguments>
<arg>xpath://input[contains(@placeholder, 'Password')]</arg>
</arguments>
<msg timestamp="20200730 23:09:27.794" level="INFO">Clicking element 'xpath://input[contains(@placeholder, 'Password')]'.</msg>
<status status="PASS" starttime="20200730 23:09:27.794" endtime="20200730 23:09:27.835"></status>
</kw>
<kw name="Input Text" library="SeleniumLibrary">
<doc>Types the given ``text`` into the text field identified by ``locator``.</doc>
<arguments>
<arg>xpath://input[contains(@placeholder, 'Password')]</arg>
<arg>${INVALID_PASSWORD1}</arg>
<arg>clear=True</arg>
</arguments>
<msg timestamp="20200730 23:09:27.836" level="INFO">Typing text 'password@rd123' into text field 'xpath://input[contains(@placeholder, 'Password')]'.</msg>
<status status="PASS" starttime="20200730 23:09:27.835" endtime="20200730 23:09:27.913"></status>
</kw>
<kw name="Element Should Be Enabled" library="SeleniumLibrary">
<doc>Verifies that element identified by ``locator`` is enabled.</doc>
<arguments>
<arg>xpath://button[contains(text(),'Sign up')]</arg>
</arguments>
<status status="PASS" starttime="20200730 23:09:27.914" endtime="20200730 23:09:27.932"></status>
</kw>
<kw name="Click Element" library="SeleniumLibrary">
<doc>Click the element identified by ``locator``.</doc>
<arguments>
<arg>xpath://button[contains(text(),'Sign up')]</arg>
</arguments>
<msg timestamp="20200730 23:09:27.933" level="INFO">Clicking element 'xpath://button[contains(text(),'Sign up')]'.</msg>
<status status="PASS" starttime="20200730 23:09:27.933" endtime="20200730 23:09:27.961"></status>
</kw>
<kw name="Wait Until Page Contains Element" library="SeleniumLibrary">
<doc>Waits until the element ``locator`` appears on the current page.</doc>
<arguments>
<arg>xpath://list-errors//div//li[text()[contains(.,"email can't be blank")]]</arg>
</arguments>
<status status="PASS" starttime="20200730 23:09:27.961" endtime="20200730 23:09:28.617"></status>
</kw>
<kw name="Element Text Should Be" library="SeleniumLibrary">
<doc>Verifies that element ``locator`` contains exact the text ``expected``.</doc>
<arguments>
<arg>xpath://list-errors//div//li[text()[contains(.,"email can't be blank")]]</arg>
<arg>${ERROR_MESSAGE2}</arg>
</arguments>
<msg timestamp="20200730 23:09:28.617" level="INFO">Verifying element 'xpath://list-errors//div//li[text()[contains(.,"email can't be blank")]]' contains exact text 'email can't be blank'.</msg>
<status status="PASS" starttime="20200730 23:09:28.617" endtime="20200730 23:09:28.632"></status>
</kw>
<status status="PASS" starttime="20200730 23:09:26.784" endtime="20200730 23:09:28.632" critical="yes"></status>
</test>
<test id="s1-t5" name="Validation of Error messages for blank Password">
<kw name="Wait Until Element Is Enabled" library="SeleniumLibrary">
<doc>Waits until the element ``locator`` is enabled.</doc>
<arguments>
<arg>xpath://input[contains(@placeholder, 'Username')]</arg>
</arguments>
<status status="PASS" starttime="20200730 23:09:28.632" endtime="20200730 23:09:28.648"></status>
</kw>
<kw name="Click Element" library="SeleniumLibrary">
<doc>Click the element identified by ``locator``.</doc>
<arguments>
<arg>xpath://input[contains(@placeholder, 'Username')]</arg>
</arguments>
<msg timestamp="20200730 23:09:28.648" level="INFO">Clicking element 'xpath://input[contains(@placeholder, 'Username')]'.</msg>
<status status="PASS" starttime="20200730 23:09:28.648" endtime="20200730 23:09:28.697"></status>
</kw>
<kw name="Input Text" library="SeleniumLibrary">
<doc>Types the given ``text`` into the text field identified by ``locator``.</doc>
<arguments>
<arg>xpath://input[contains(@placeholder, 'Username')]</arg>
<arg>${INVALID_USERID1}</arg>
<arg>clear=True</arg>
</arguments>
<msg timestamp="20200730 23:09:28.700" level="INFO">Typing text '$%$%$123-' into text field 'xpath://input[contains(@placeholder, 'Username')]'.</msg>
<status status="PASS" starttime="20200730 23:09:28.700" endtime="20200730 23:09:28.767"></status>
</kw>
<kw name="Click Element" library="SeleniumLibrary">
<doc>Click the element identified by ``locator``.</doc>
<arguments>
<arg>xpath://input[contains(@placeholder, 'Email')]</arg>
</arguments>
<msg timestamp="20200730 23:09:28.768" level="INFO">Clicking element 'xpath://input[contains(@placeholder, 'Email')]'.</msg>
<status status="PASS" starttime="20200730 23:09:28.768" endtime="20200730 23:09:28.796"></status>
</kw>
<kw name="Input Text" library="SeleniumLibrary">
<doc>Types the given ``text`` into the text field identified by ``locator``.</doc>
<arguments>
<arg>xpath://input[contains(@placeholder, 'Email')]</arg>
<arg>${INVALID_EMAIL1}@gmail.com</arg>
<arg>clear=True</arg>
</arguments>
<msg timestamp="20200730 23:09:28.797" level="INFO">Typing text '$%$%$123-@gmail.com' into text field 'xpath://input[contains(@placeholder, 'Email')]'.</msg>
<status status="PASS" starttime="20200730 23:09:28.797" endtime="20200730 23:09:28.892"></status>
</kw>
<kw name="Clear Element Text" library="SeleniumLibrary">
<doc>Clears the value of the text-input-element identified by ``locator``.</doc>
<arguments>
<arg>xpath://input[contains(@placeholder, 'Password')]</arg>
</arguments>
<status status="PASS" starttime="20200730 23:09:28.892" endtime="20200730 23:09:28.921"></status>
</kw>
<kw name="Element Should Be Enabled" library="SeleniumLibrary">
<doc>Verifies that element identified by ``locator`` is enabled.</doc>
<arguments>
<arg>xpath://button[contains(text(),'Sign up')]</arg>
</arguments>
<status status="PASS" starttime="20200730 23:09:28.922" endtime="20200730 23:09:28.940"></status>
</kw>
<kw name="Click Element" library="SeleniumLibrary">
<doc>Click the element identified by ``locator``.</doc>
<arguments>
<arg>xpath://button[contains(text(),'Sign up')]</arg>
</arguments>
<msg timestamp="20200730 23:09:28.940" level="INFO">Clicking element 'xpath://button[contains(text(),'Sign up')]'.</msg>
<status status="PASS" starttime="20200730 23:09:28.940" endtime="20200730 23:09:28.965"></status>
</kw>
<kw name="Wait Until Page Contains Element" library="SeleniumLibrary">
<doc>Waits until the element ``locator`` appears on the current page.</doc>
<arguments>
<arg>xpath://list-errors//div//li[text()[contains(.,"password can't be blank")]]</arg>
</arguments>
<status status="PASS" starttime="20200730 23:09:28.966" endtime="20200730 23:09:29.827"></status>
</kw>
<kw name="Element Text Should Be" library="SeleniumLibrary">
<doc>Verifies that element ``locator`` contains exact the text ``expected``.</doc>
<arguments>
<arg>xpath://list-errors//div//li[text()[contains(.,"password can't be blank")]]</arg>
<arg>${ERROR_MESSAGE3}</arg>
</arguments>
<msg timestamp="20200730 23:09:29.827" level="INFO">Verifying element 'xpath://list-errors//div//li[text()[contains(.,"password can't be blank")]]' contains exact text 'password can't be blank'.</msg>
<status status="PASS" starttime="20200730 23:09:29.827" endtime="20200730 23:09:29.843"></status>
</kw>
<status status="PASS" starttime="20200730 23:09:28.632" endtime="20200730 23:09:29.843" critical="yes"></status>
</test>
<test id="s1-t6" name="Validation of Error messages for already existing UserName EmailId">
<kw name="Wait Until Element Is Enabled" library="SeleniumLibrary">
<doc>Waits until the element ``locator`` is enabled.</doc>
<arguments>
<arg>xpath://input[contains(@placeholder, 'Username')]</arg>
</arguments>
<status status="PASS" starttime="20200730 23:09:29.858" endtime="20200730 23:09:29.874"></status>
</kw>
<kw name="Click Element" library="SeleniumLibrary">
<doc>Click the element identified by ``locator``.</doc>
<arguments>
<arg>xpath://input[contains(@placeholder, 'Username')]</arg>
</arguments>
<msg timestamp="20200730 23:09:29.874" level="INFO">Clicking element 'xpath://input[contains(@placeholder, 'Username')]'.</msg>
<status status="PASS" starttime="20200730 23:09:29.874" endtime="20200730 23:09:29.913"></status>
</kw>
<kw name="Input Text" library="SeleniumLibrary">
<doc>Types the given ``text`` into the text field identified by ``locator``.</doc>
<arguments>
<arg>xpath://input[contains(@placeholder, 'Username')]</arg>
<arg>${INVALID_USERID1}</arg>
<arg>clear=True</arg>
</arguments>
<msg timestamp="20200730 23:09:29.915" level="INFO">Typing text '$%$%$123-' into text field 'xpath://input[contains(@placeholder, 'Username')]'.</msg>
<status status="PASS" starttime="20200730 23:09:29.914" endtime="20200730 23:09:29.996"></status>
</kw>
<kw name="Click Element" library="SeleniumLibrary">
<doc>Click the element identified by ``locator``.</doc>
<arguments>
<arg>xpath://input[contains(@placeholder, 'Email')]</arg>
</arguments>
<msg timestamp="20200730 23:09:29.997" level="INFO">Clicking element 'xpath://input[contains(@placeholder, 'Email')]'.</msg>
<status status="PASS" starttime="20200730 23:09:29.996" endtime="20200730 23:09:30.028"></status>
</kw>
<kw name="Input Text" library="SeleniumLibrary">
<doc>Types the given ``text`` into the text field identified by ``locator``.</doc>
<arguments>
<arg>xpath://input[contains(@placeholder, 'Email')]</arg>
<arg>${INVALID_EMAIL1}@gmail.com</arg>
<arg>clear=True</arg>
</arguments>
<msg timestamp="20200730 23:09:30.029" level="INFO">Typing text '$%$%$123-@gmail.com' into text field 'xpath://input[contains(@placeholder, 'Email')]'.</msg>
<status status="PASS" starttime="20200730 23:09:30.028" endtime="20200730 23:09:30.124"></status>
</kw>
<kw name="Click Element" library="SeleniumLibrary">
<doc>Click the element identified by ``locator``.</doc>
<arguments>
<arg>xpath://input[contains(@placeholder, 'Password')]</arg>
</arguments>
<msg timestamp="20200730 23:09:30.125" level="INFO">Clicking element 'xpath://input[contains(@placeholder, 'Password')]'.</msg>
<status status="PASS" starttime="20200730 23:09:30.124" endtime="20200730 23:09:30.161"></status>
</kw>
<kw name="Input Text" library="SeleniumLibrary">
<doc>Types the given ``text`` into the text field identified by ``locator``.</doc>
<arguments>
<arg>xpath://input[contains(@placeholder, 'Password')]</arg>
<arg>${INVALID_PASSWORD1}</arg>
<arg>clear=True</arg>
</arguments>
<msg timestamp="20200730 23:09:30.162" level="INFO">Typing text 'password@rd123' into text field 'xpath://input[contains(@placeholder, 'Password')]'.</msg>
<status status="PASS" starttime="20200730 23:09:30.162" endtime="20200730 23:09:30.224"></status>
</kw>
<kw name="Element Should Be Enabled" library="SeleniumLibrary">
<doc>Verifies that element identified by ``locator`` is enabled.</doc>
<arguments>
<arg>xpath://button[contains(text(),'Sign up')]</arg>
</arguments>
<status status="PASS" starttime="20200730 23:09:30.224" endtime="20200730 23:09:30.239"></status>
</kw>
<kw name="Click Element" library="SeleniumLibrary">
<doc>Click the element identified by ``locator``.</doc>
<arguments>
<arg>xpath://button[contains(text(),'Sign up')]</arg>
</arguments>
<msg timestamp="20200730 23:09:30.240" level="INFO">Clicking element 'xpath://button[contains(text(),'Sign up')]'.</msg>
<status status="PASS" starttime="20200730 23:09:30.240" endtime="20200730 23:09:30.267"></status>
</kw>
<kw name="Wait Until Page Contains Element" library="SeleniumLibrary">
<doc>Waits until the element ``locator`` appears on the current page.</doc>
<arguments>
<arg>xpath://list-errors//div//li[text()[contains(.,"email has already been taken")]]</arg>
</arguments>
<status status="PASS" starttime="20200730 23:09:30.268" endtime="20200730 23:09:30.277"></status>
</kw>
<kw name="Element Text Should Be" library="SeleniumLibrary">
<doc>Verifies that element ``locator`` contains exact the text ``expected``.</doc>
<arguments>
<arg>xpath://list-errors//div//li[text()[contains(.,"email has already been taken")]]</arg>
<arg>${ERROR_MESSAGE6}</arg>
</arguments>
<msg timestamp="20200730 23:09:30.278" level="INFO">Verifying element 'xpath://list-errors//div//li[text()[contains(.,"email has already been taken")]]' contains exact text 'email has already been taken'.</msg>
<status status="PASS" starttime="20200730 23:09:30.278" endtime="20200730 23:09:30.294"></status>
</kw>
<kw name="Wait Until Page Contains Element" library="SeleniumLibrary">
<doc>Waits until the element ``locator`` appears on the current page.</doc>
<arguments>
<arg>xpath://list-errors//div//li[text()[contains(.,"username has already been taken")]]</arg>
</arguments>
<status status="PASS" starttime="20200730 23:09:30.295" endtime="20200730 23:09:30.304"></status>
</kw>
<kw name="Element Text Should Be" library="SeleniumLibrary">
<doc>Verifies that element ``locator`` contains exact the text ``expected``.</doc>
<arguments>
<arg>xpath://list-errors//div//li[text()[contains(.,"username has already been taken")]]</arg>
<arg>${ERROR_MESSAGE7}</arg>
</arguments>
<msg timestamp="20200730 23:09:30.304" level="INFO">Verifying element 'xpath://list-errors//div//li[text()[contains(.,"username has already been taken")]]' contains exact text 'username has already been taken'.</msg>
<status status="PASS" starttime="20200730 23:09:30.304" endtime="20200730 23:09:30.320"></status>
</kw>
<status status="PASS" starttime="20200730 23:09:29.858" endtime="20200730 23:09:30.320" critical="yes"></status>
</test>
<status status="PASS" starttime="20200730 23:09:11.375" endtime="20200730 23:09:30.320"></status>
</suite>
<statistics>
<total>
<stat pass="6" fail="0">Critical Tests</stat>
<stat pass="6" fail="0">All Tests</stat>
</total>
<tag>
</tag>
<suite>
<stat pass="6" fail="0" id="s1" name="Tc1">Tc1</stat>
</suite>
</statistics>
<errors>
</errors>
</robot>
